This is pdfTeX, Version 3.14159265-2.6-1.40.16 (TeX Live 2015/Debian) (preloaded format=pdflatex 2018.3.29)  1 MAY 2018 23:34
entering extended mode
 restricted \write18 enabled.
 %&-line parsing enabled.
**report.tex
(./report.tex
LaTeX2e <2016/02/01>
Babel <3.9q> and hyphenation patterns for 3 language(s) loaded.
(/usr/share/texlive/texmf-dist/tex/latex/base/article.cls
Document Class: article 2014/09/29 v1.4h Standard LaTeX document class
(/usr/share/texlive/texmf-dist/tex/latex/base/size10.clo
File: size10.clo 2014/09/29 v1.4h Standard LaTeX file (size option)
)
\c@part=\count79
\c@section=\count80
\c@subsection=\count81
\c@subsubsection=\count82
\c@paragraph=\count83
\c@subparagraph=\count84
\c@figure=\count85
\c@table=\count86
\abovecaptionskip=\skip41
\belowcaptionskip=\skip42
\bibindent=\dimen102
)
(/usr/share/texlive/texmf-dist/tex/latex/geometry/geometry.sty
Package: geometry 2010/09/12 v5.6 Page Geometry

(/usr/share/texlive/texmf-dist/tex/latex/graphics/keyval.sty
Package: keyval 2014/10/28 v1.15 key=value parser (DPC)
\KV@toks@=\toks14
)
(/usr/share/texlive/texmf-dist/tex/generic/oberdiek/ifpdf.sty
Package: ifpdf 2011/01/30 v2.3 Provides the ifpdf switch (HO)
Package ifpdf Info: pdfTeX in PDF mode is detected.
)
(/usr/share/texlive/texmf-dist/tex/generic/oberdiek/ifvtex.sty
Package: ifvtex 2010/03/01 v1.5 Detect VTeX and its facilities (HO)
Package ifvtex Info: VTeX not detected.
)
(/usr/share/texlive/texmf-dist/tex/generic/ifxetex/ifxetex.sty
Package: ifxetex 2010/09/12 v0.6 Provides ifxetex conditional
)
\Gm@cnth=\count87
\Gm@cntv=\count88
\c@Gm@tempcnt=\count89
\Gm@bindingoffset=\dimen103
\Gm@wd@mp=\dimen104
\Gm@odd@mp=\dimen105
\Gm@even@mp=\dimen106
\Gm@layoutwidth=\dimen107
\Gm@layoutheight=\dimen108
\Gm@layouthoffset=\dimen109
\Gm@layoutvoffset=\dimen110
\Gm@dimlist=\toks15
)
(/usr/share/texlive/texmf-dist/tex/latex/amsmath/amsmath.sty
Package: amsmath 2016/03/03 v2.15a AMS math features
\@mathmargin=\skip43

For additional information on amsmath, use the `?' option.
(/usr/share/texlive/texmf-dist/tex/latex/amsmath/amstext.sty
Package: amstext 2000/06/29 v2.01 AMS text

(/usr/share/texlive/texmf-dist/tex/latex/amsmath/amsgen.sty
File: amsgen.sty 1999/11/30 v2.0 generic functions
\@emptytoks=\toks16
\ex@=\dimen111
))
(/usr/share/texlive/texmf-dist/tex/latex/amsmath/amsbsy.sty
Package: amsbsy 1999/11/29 v1.2d Bold Symbols
\pmbraise@=\dimen112
)
(/usr/share/texlive/texmf-dist/tex/latex/amsmath/amsopn.sty
Package: amsopn 1999/12/14 v2.01 operator names
)
\inf@bad=\count90
LaTeX Info: Redefining \frac on input line 199.
\uproot@=\count91
\leftroot@=\count92
LaTeX Info: Redefining \overline on input line 297.
\classnum@=\count93
\DOTSCASE@=\count94
LaTeX Info: Redefining \ldots on input line 394.
LaTeX Info: Redefining \dots on input line 397.
LaTeX Info: Redefining \cdots on input line 518.
\Mathstrutbox@=\box26
\strutbox@=\box27
\big@size=\dimen113
LaTeX Font Info:    Redeclaring font encoding OML on input line 630.
LaTeX Font Info:    Redeclaring font encoding OMS on input line 631.
\macc@depth=\count95
\c@MaxMatrixCols=\count96
\dotsspace@=\muskip10
\c@parentequation=\count97
\dspbrk@lvl=\count98
\tag@help=\toks17
\row@=\count99
\column@=\count100
\maxfields@=\count101
\andhelp@=\toks18
\eqnshift@=\dimen114
\alignsep@=\dimen115
\tagshift@=\dimen116
\tagwidth@=\dimen117
\totwidth@=\dimen118
\lineht@=\dimen119
\@envbody=\toks19
\multlinegap=\skip44
\multlinetaggap=\skip45
\mathdisplay@stack=\toks20
LaTeX Info: Redefining \[ on input line 2735.
LaTeX Info: Redefining \] on input line 2736.
)
(/usr/share/texlive/texmf-dist/tex/latex/graphics/graphicx.sty
Package: graphicx 2014/10/28 v1.0g Enhanced LaTeX Graphics (DPC,SPQR)

(/usr/share/texlive/texmf-dist/tex/latex/graphics/graphics.sty
Package: graphics 2016/01/03 v1.0q Standard LaTeX Graphics (DPC,SPQR)

(/usr/share/texlive/texmf-dist/tex/latex/graphics/trig.sty
Package: trig 2016/01/03 v1.10 sin cos tan (DPC)
)
(/usr/share/texlive/texmf-dist/tex/latex/latexconfig/graphics.cfg
File: graphics.cfg 2010/04/23 v1.9 graphics configuration of TeX Live
)
Package graphics Info: Driver file: pdftex.def on input line 95.

(/usr/share/texlive/texmf-dist/tex/latex/pdftex-def/pdftex.def
File: pdftex.def 2011/05/27 v0.06d Graphics/color for pdfTeX

(/usr/share/texlive/texmf-dist/tex/generic/oberdiek/infwarerr.sty
Package: infwarerr 2010/04/08 v1.3 Providing info/warning/error messages (HO)
)
(/usr/share/texlive/texmf-dist/tex/generic/oberdiek/ltxcmds.sty
Package: ltxcmds 2011/11/09 v1.22 LaTeX kernel commands for general use (HO)
)
\Gread@gobject=\count102
))
\Gin@req@height=\dimen120
\Gin@req@width=\dimen121
)
(/usr/share/texlive/texmf-dist/tex/latex/tools/enumerate.sty
Package: enumerate 2015/07/23 v3.00 enumerate extensions (DPC)
\@enLab=\toks21
)
(/usr/share/texlive/texmf-dist/tex/latex/float/float.sty
Package: float 2001/11/08 v1.3d Float enhancements (AL)
\c@float@type=\count103
\float@exts=\toks22
\float@box=\box28
\@float@everytoks=\toks23
\@floatcapt=\box29
)
(/usr/share/texlive/texmf-dist/tex/latex/tools/multicol.sty
Package: multicol 2015/08/19 v1.8n multicolumn formatting (FMi)
\c@tracingmulticols=\count104
\mult@box=\box30
\multicol@leftmargin=\dimen122
\c@unbalance=\count105
\c@collectmore=\count106
\doublecol@number=\count107
\multicoltolerance=\count108
\multicolpretolerance=\count109
\full@width=\dimen123
\page@free=\dimen124
\premulticols=\dimen125
\postmulticols=\dimen126
\multicolsep=\skip46
\multicolbaselineskip=\skip47
\partial@page=\box31
\last@line=\box32
\maxbalancingoverflow=\dimen127
\mult@rightbox=\box33
\mult@grightbox=\box34
\mult@gfirstbox=\box35
\mult@firstbox=\box36
\@tempa=\box37
\@tempa=\box38
\@tempa=\box39
\@tempa=\box40
\@tempa=\box41
\@tempa=\box42
\@tempa=\box43
\@tempa=\box44
\@tempa=\box45
\@tempa=\box46
\@tempa=\box47
\@tempa=\box48
\@tempa=\box49
\@tempa=\box50
\@tempa=\box51
\@tempa=\box52
\@tempa=\box53
\c@columnbadness=\count110
\c@finalcolumnbadness=\count111
\last@try=\dimen128
\multicolovershoot=\dimen129
\multicolundershoot=\dimen130
\mult@nat@firstbox=\box54
\colbreak@box=\box55
\mc@col@check@num=\count112
)
No file report.aux.
\openout1 = `report.aux'.

LaTeX Font Info:    Checking defaults for OML/cmm/m/it on input line 13.
LaTeX Font Info:    ... okay on input line 13.
LaTeX Font Info:    Checking defaults for T1/cmr/m/n on input line 13.
LaTeX Font Info:    ... okay on input line 13.
LaTeX Font Info:    Checking defaults for OT1/cmr/m/n on input line 13.
LaTeX Font Info:    ... okay on input line 13.
LaTeX Font Info:    Checking defaults for OMS/cmsy/m/n on input line 13.
LaTeX Font Info:    ... okay on input line 13.
LaTeX Font Info:    Checking defaults for OMX/cmex/m/n on input line 13.
LaTeX Font Info:    ... okay on input line 13.
LaTeX Font Info:    Checking defaults for U/cmr/m/n on input line 13.
LaTeX Font Info:    ... okay on input line 13.
*geometry* driver: auto-detecting
*geometry* detected driver: pdftex
*geometry* verbose mode - [ preamble ] result:
* driver: pdftex
* paper: <default>
* layout: <same size as paper>
* layoutoffset:(h,v)=(0.0pt,0.0pt)
* modes: 
* h-part:(L,W,R)=(56.9055pt, 500.484pt, 56.9055pt)
* v-part:(T,H,B)=(56.9055pt, 681.15898pt, 56.9055pt)
* \paperwidth=614.295pt
* \paperheight=794.96999pt
* \textwidth=500.484pt
* \textheight=681.15898pt
* \oddsidemargin=-15.36449pt
* \evensidemargin=-15.36449pt
* \topmargin=-52.36449pt
* \headheight=12.0pt
* \headsep=25.0pt
* \topskip=10.0pt
* \footskip=30.0pt
* \marginparwidth=65.0pt
* \marginparsep=11.0pt
* \columnsep=10.0pt
* \skip\footins=9.0pt plus 4.0pt minus 2.0pt
* \hoffset=0.0pt
* \voffset=0.0pt
* \mag=1000
* \@twocolumnfalse
* \@twosidefalse
* \@mparswitchfalse
* \@reversemarginfalse
* (1in=72.27pt=25.4mm, 1cm=28.453pt)

(/usr/share/texlive/texmf-dist/tex/context/base/supp-pdf.mkii
[Loading MPS to PDF converter (version 2006.09.02).]
\scratchcounter=\count113
\scratchdimen=\dimen131
\scratchbox=\box56
\nofMPsegments=\count114
\nofMParguments=\count115
\everyMPshowfont=\toks24
\MPscratchCnt=\count116
\MPscratchDim=\dimen132
\MPnumerator=\count117
\makeMPintoPDFobject=\count118
\everyMPtoPDFconversion=\toks25
) (/usr/share/texlive/texmf-dist/tex/generic/oberdiek/pdftexcmds.sty
Package: pdftexcmds 2011/11/29 v0.20 Utility functions of pdfTeX for LuaTeX (HO
)

(/usr/share/texlive/texmf-dist/tex/generic/oberdiek/ifluatex.sty
Package: ifluatex 2010/03/01 v1.3 Provides the ifluatex switch (HO)
Package ifluatex Info: LuaTeX not detected.
)
Package pdftexcmds Info: LuaTeX not detected.
Package pdftexcmds Info: \pdf@primitive is available.
Package pdftexcmds Info: \pdf@ifprimitive is available.
Package pdftexcmds Info: \pdfdraftmode found.
)
(/usr/share/texlive/texmf-dist/tex/latex/oberdiek/epstopdf-base.sty
Package: epstopdf-base 2010/02/09 v2.5 Base part for package epstopdf

(/usr/share/texlive/texmf-dist/tex/latex/oberdiek/grfext.sty
Package: grfext 2010/08/19 v1.1 Manage graphics extensions (HO)

(/usr/share/texlive/texmf-dist/tex/generic/oberdiek/kvdefinekeys.sty
Package: kvdefinekeys 2011/04/07 v1.3 Define keys (HO)
))
(/usr/share/texlive/texmf-dist/tex/latex/oberdiek/kvoptions.sty
Package: kvoptions 2011/06/30 v3.11 Key value format for package options (HO)

(/usr/share/texlive/texmf-dist/tex/generic/oberdiek/kvsetkeys.sty
Package: kvsetkeys 2012/04/25 v1.16 Key value parser (HO)

(/usr/share/texlive/texmf-dist/tex/generic/oberdiek/etexcmds.sty
Package: etexcmds 2011/02/16 v1.5 Avoid name clashes with e-TeX commands (HO)
Package etexcmds Info: Could not find \expanded.
(etexcmds)             That can mean that you are not using pdfTeX 1.50 or
(etexcmds)             that some package has redefined \expanded.
(etexcmds)             In the latter case, load this package earlier.
)))
Package grfext Info: Graphics extension search list:
(grfext)             [.png,.pdf,.jpg,.mps,.jpeg,.jbig2,.jb2,.PNG,.PDF,.JPG,.JPE
G,.JBIG2,.JB2,.eps]
(grfext)             \AppendGraphicsExtensions on input line 452.

(/usr/share/texlive/texmf-dist/tex/latex/latexconfig/epstopdf-sys.cfg
File: epstopdf-sys.cfg 2010/07/13 v1.3 Configuration of (r)epstopdf for TeX Liv
e
))
LaTeX Font Info:    Try loading font information for OMS+cmr on input line 19.

(/usr/share/texlive/texmf-dist/tex/latex/base/omscmr.fd
File: omscmr.fd 2014/09/29 v2.5h Standard LaTeX font definitions
)
LaTeX Font Info:    Font shape `OMS/cmr/m/n' in size <10> not available
(Font)              Font shape `OMS/cmsy/m/n' tried instead on input line 19.

<../images/acc.png, id=1, 481.8pt x 361.35pt>
File: ../images/acc.png Graphic file (type png)
 <use ../images/acc.png>
Package pdftex.def Info: ../images/acc.png used on input line 37.
(pdftex.def)             Requested size: 337.25769pt x 252.94327pt.
 [1

{/var/lib/texmf/fonts/map/pdftex/updmap/pdftex.map} <../images/acc.png (PNG cop
y)>]
<../images/acc_prune.png, id=14, 481.8pt x 361.35pt>
File: ../images/acc_prune.png Graphic file (type png)

<use ../images/acc_prune.png>
Package pdftex.def Info: ../images/acc_prune.png used on input line 61.
(pdftex.def)             Requested size: 337.25769pt x 252.94327pt.
 [2 <../images/acc_prune.png (PNG copy)>]
<../images/acc2c.png, id=18, 481.8pt x 361.35pt>
File: ../images/acc2c.png Graphic file (type png)
 <use ../images/acc2c.png>
Package pdftex.def Info: ../images/acc2c.png used on input line 103.
(pdftex.def)             Requested size: 337.25769pt x 252.94327pt.

[3 <../images/acc2c.png (PNG copy)>]
<../images/dtree_depth_cont.png, id=22, 481.8pt x 361.35pt>
File: ../images/dtree_depth_cont.png Graphic file (type png)

<use ../images/dtree_depth_cont.png>
Package pdftex.def Info: ../images/dtree_depth_cont.png used on input line 137.

(pdftex.def)             Requested size: 192.71658pt x 144.53743pt.

<../images/dtree_split_cont.png, id=23, 481.8pt x 361.35pt>
File: ../images/dtree_split_cont.png Graphic file (type png)

<use ../images/dtree_split_cont.png>
Package pdftex.def Info: ../images/dtree_split_cont.png used on input line 143.

(pdftex.def)             Requested size: 192.71658pt x 144.53743pt.

<../images/dtree_leaf_cont.png, id=24, 481.8pt x 361.35pt>
File: ../images/dtree_leaf_cont.png Graphic file (type png)

<use ../images/dtree_leaf_cont.png>
Package pdftex.def Info: ../images/dtree_leaf_cont.png used on input line 149.
(pdftex.def)             Requested size: 192.71658pt x 144.53743pt.

<../images/dtree_depth_dis.png, id=25, 481.8pt x 361.35pt>
File: ../images/dtree_depth_dis.png Graphic file (type png)

<use ../images/dtree_depth_dis.png>
Package pdftex.def Info: ../images/dtree_depth_dis.png used on input line 156.
(pdftex.def)             Requested size: 192.71658pt x 144.53743pt.

<../images/dtree_split_dis.png, id=26, 481.8pt x 361.35pt>
File: ../images/dtree_split_dis.png Graphic file (type png)

<use ../images/dtree_split_dis.png>
Package pdftex.def Info: ../images/dtree_split_dis.png used on input line 163.
(pdftex.def)             Requested size: 192.71658pt x 144.53743pt.

<../images/dtree_leaf_dis.png, id=27, 481.8pt x 361.35pt>
File: ../images/dtree_leaf_dis.png Graphic file (type png)

<use ../images/dtree_leaf_dis.png>
Package pdftex.def Info: ../images/dtree_leaf_dis.png used on input line 169.
(pdftex.def)             Requested size: 192.71658pt x 144.53743pt.
 [4 <../images/dtree_depth_cont.png (PNG copy)> <../images/dtree_split_cont.png
 (PNG copy)> <../images/dtree_leaf_cont.png (PNG copy)> <../images/dtree_depth_
dis.png (PNG copy)>] [5 <../images/dtree_split_dis.png (PNG copy)> <../images/d
tree_leaf_dis.png (PNG copy)>]
<../images/forest_est_true.png, id=34, 481.8pt x 361.35pt>
File: ../images/forest_est_true.png Graphic file (type png)

<use ../images/forest_est_true.png>
Package pdftex.def Info: ../images/forest_est_true.png used on input line 208.
(pdftex.def)             Requested size: 192.71658pt x 144.53743pt.

<../images/forest_fet_true.png, id=35, 481.8pt x 361.35pt>
File: ../images/forest_fet_true.png Graphic file (type png)

<use ../images/forest_fet_true.png>
Package pdftex.def Info: ../images/forest_fet_true.png used on input line 214.
(pdftex.def)             Requested size: 192.71658pt x 144.53743pt.

<../images/forest_est_false.png, id=36, 481.8pt x 361.35pt>
File: ../images/forest_est_false.png Graphic file (type png)

<use ../images/forest_est_false.png>
Package pdftex.def Info: ../images/forest_est_false.png used on input line 220.

(pdftex.def)             Requested size: 192.71658pt x 144.53743pt.

<../images/forest_fet_false.png, id=37, 481.8pt x 361.35pt>
File: ../images/forest_fet_false.png Graphic file (type png)

<use ../images/forest_fet_false.png>
Package pdftex.def Info: ../images/forest_fet_false.png used on input line 227.

(pdftex.def)             Requested size: 192.71658pt x 144.53743pt.
 [6 <../images/forest_est_true.png (PNG copy)> <../images/forest_fet_true.png (
PNG copy)> <../images/forest_est_false.png (PNG copy)> <../images/forest_fet_fa
lse.png (PNG copy)>]
<../images/logreg_train.png, id=41, 389.455pt x 266.9975pt>
File: ../images/logreg_train.png Graphic file (type png)

<use ../images/logreg_train.png>
Package pdftex.def Info: ../images/logreg_train.png used on input line 254.
(pdftex.def)             Requested size: 155.77924pt x 106.79709pt.

<../images/logreg_test.png, id=43, 389.455pt x 266.9975pt>
File: ../images/logreg_test.png Graphic file (type png)

<use ../images/logreg_test.png>
Package pdftex.def Info: ../images/logreg_test.png used on input line 260.
(pdftex.def)             Requested size: 155.77924pt x 106.79709pt.

<../images/neural_train.png, id=44, 389.455pt x 266.9975pt>
File: ../images/neural_train.png Graphic file (type png)

<use ../images/neural_train.png>
Package pdftex.def Info: ../images/neural_train.png used on input line 279.
(pdftex.def)             Requested size: 155.77924pt x 106.79709pt.

<../images/neural_test.png, id=45, 389.455pt x 266.9975pt>
File: ../images/neural_test.png Graphic file (type png)

<use ../images/neural_test.png>
Package pdftex.def Info: ../images/neural_test.png used on input line 285.
(pdftex.def)             Requested size: 155.77924pt x 106.79709pt.
 [7 <../images/logreg_train.png> <../images/logreg_test.png> <../images/neural_
train.png> <../images/neural_test.png>]
<../images/neural_1.png, id=54, 389.455pt x 266.9975pt>
File: ../images/neural_1.png Graphic file (type png)

<use ../images/neural_1.png>
Package pdftex.def Info: ../images/neural_1.png used on input line 320.
(pdftex.def)             Requested size: 155.77924pt x 106.79709pt.

<../images/neural_3.png, id=55, 389.455pt x 266.9975pt>
File: ../images/neural_3.png Graphic file (type png)

<use ../images/neural_3.png>
Package pdftex.def Info: ../images/neural_3.png used on input line 326.
(pdftex.def)             Requested size: 155.77924pt x 106.79709pt.

<../images/neural_20.png, id=56, 389.455pt x 266.9975pt>
File: ../images/neural_20.png Graphic file (type png)

<use ../images/neural_20.png>
Package pdftex.def Info: ../images/neural_20.png used on input line 332.
(pdftex.def)             Requested size: 155.77924pt x 106.79709pt.

<../images/neural_2.png, id=57, 389.455pt x 266.9975pt>
File: ../images/neural_2.png Graphic file (type png)

<use ../images/neural_2.png>
Package pdftex.def Info: ../images/neural_2.png used on input line 339.
(pdftex.def)             Requested size: 155.77924pt x 106.79709pt.

<../images/neural_10.png, id=58, 389.455pt x 266.9975pt>
File: ../images/neural_10.png Graphic file (type png)

<use ../images/neural_10.png>
Package pdftex.def Info: ../images/neural_10.png used on input line 345.
(pdftex.def)             Requested size: 155.77924pt x 106.79709pt.

<../images/neural_40.png, id=59, 389.455pt x 266.9975pt>
File: ../images/neural_40.png Graphic file (type png)

<use ../images/neural_40.png>
Package pdftex.def Info: ../images/neural_40.png used on input line 352.
(pdftex.def)             Requested size: 155.77924pt x 106.79709pt.
 [8 <../images/neural_1.png> <../images/neural_3.png> <../images/neural_20.png>
 <../images/neural_2.png> <../images/neural_10.png> <../images/neural_40.png>]
<../images/neural_5_5.png, id=69, 389.455pt x 266.9975pt>
File: ../images/neural_5_5.png Graphic file (type png)

<use ../images/neural_5_5.png>
Package pdftex.def Info: ../images/neural_5_5.png used on input line 374.
(pdftex.def)             Requested size: 155.77924pt x 106.79709pt.
Missing character: There is no ‚ in font cmr10!
Missing character: There is no Ä in font cmr10!
Missing character: There is no ú in font cmr10!
Missing character: There is no ‚ in font cmr10!
Missing character: There is no Ä in font cmr10!
Missing character: There is no ù in font cmr10!
Missing character: There is no ‚ in font cmr10!
Missing character: There is no Ä in font cmr10!
Missing character: There is no ú in font cmr10!
Missing character: There is no ‚ in font cmr10!
Missing character: There is no Ä in font cmr10!
Missing character: There is no ù in font cmr10!
 [9 <../images/neural_5_5.png>] [10]
(./report.aux) ) 
Here is how much of TeX's memory you used:
 2908 strings out of 494953
 41451 string characters out of 6180977
 110229 words of memory out of 5000000
 6138 multiletter control sequences out of 15000+600000
 9192 words of font info for 34 fonts, out of 8000000 for 9000
 14 hyphenation exceptions out of 8191
 37i,8n,32p,586b,444s stack positions out of 5000i,500n,10000p,200000b,80000s
</usr/share/texlive/texmf-dist/fonts/type1/public/amsfonts/cm/c
mbx10.pfb></usr/share/texlive/texmf-dist/fonts/type1/public/amsfonts/cm/cmbx12.
pfb></usr/share/texlive/texmf-dist/fonts/type1/public/amsfonts/cmextra/cmex7.pf
b></usr/share/texlive/texmf-dist/fonts/type1/public/amsfonts/cm/cmmi10.pfb></us
r/share/texlive/texmf-dist/fonts/type1/public/amsfonts/cm/cmmi5.pfb></usr/share
/texlive/texmf-dist/fonts/type1/public/amsfonts/cm/cmmi7.pfb></usr/share/texliv
e/texmf-dist/fonts/type1/public/amsfonts/cm/cmr10.pfb></usr/share/texlive/texmf
-dist/fonts/type1/public/amsfonts/cm/cmr12.pfb></usr/share/texlive/texmf-dist/f
onts/type1/public/amsfonts/cm/cmr17.pfb></usr/share/texlive/texmf-dist/fonts/ty
pe1/public/amsfonts/cm/cmr5.pfb></usr/share/texlive/texmf-dist/fonts/type1/publ
ic/amsfonts/cm/cmr7.pfb></usr/share/texlive/texmf-dist/fonts/type1/public/amsfo
nts/cm/cmsy10.pfb></usr/share/texlive/texmf-dist/fonts/type1/public/amsfonts/cm
/cmsy5.pfb></usr/share/texlive/texmf-dist/fonts/type1/public/amsfonts/cm/cmsy7.
pfb></usr/share/texlive/texmf-dist/fonts/type1/public/amsfonts/cm/cmtt12.pfb>
Output written on report.pdf (10 pages, 711138 bytes).
PDF statistics:
 133 PDF objects out of 1000 (max. 8388607)
 70 compressed objects within 1 object stream
 0 named destinations out of 1000 (max. 500000)
 121 words of extra memory for PDF output out of 10000 (max. 10000000)

